2019-12-23 11:45:12 [DEBUG] Logging Provider: org.jboss.logging.Log4j2LoggerProvider
2019-12-23 11:45:12 [DEBUG] Setting default session timeout to 1800
2019-12-23 11:45:12 [DEBUG] Registered session listener io.undertow.servlet.core.SessionListenerBridge@e50a6f6
2019-12-23 11:45:12 [DEBUG] starting undertow server io.undertow.Undertow@1184ab05
2019-12-23 11:45:12 [INFO ] XNIO version 3.3.8.Final
2019-12-23 11:45:12 [INFO ] XNIO NIO Implementation Version 3.3.8.Final
2019-12-23 11:45:12 [DEBUG] Started channel thread 'XNIO-1 I/O-1', selector sun.nio.ch.WindowsSelectorImpl@6f70bab
2019-12-23 11:45:12 [DEBUG] Started channel thread 'XNIO-1 I/O-3', selector sun.nio.ch.WindowsSelectorImpl@146da7ab
2019-12-23 11:45:12 [DEBUG] Started channel thread 'XNIO-1 I/O-2', selector sun.nio.ch.WindowsSelectorImpl@6409c50d
2019-12-23 11:45:12 [DEBUG] Started channel thread 'XNIO-1 I/O-6', selector sun.nio.ch.WindowsSelectorImpl@204d330
2019-12-23 11:45:12 [DEBUG] Started channel thread 'XNIO-1 I/O-4', selector sun.nio.ch.WindowsSelectorImpl@da3fe68
2019-12-23 11:45:12 [DEBUG] Started channel thread 'XNIO-1 I/O-7', selector sun.nio.ch.WindowsSelectorImpl@73521e9b
2019-12-23 11:45:12 [DEBUG] Started channel thread 'XNIO-1 I/O-8', selector sun.nio.ch.WindowsSelectorImpl@4b4cf85d
2019-12-23 11:45:12 [DEBUG] Started channel thread 'XNIO-1 Accept', selector sun.nio.ch.WindowsSelectorImpl@6699dba1
2019-12-23 11:45:12 [DEBUG] Started channel thread 'XNIO-1 I/O-5', selector sun.nio.ch.WindowsSelectorImpl@52198717
2019-12-23 11:45:12 [DEBUG] Configuring listener with protocol HTTP for interface 10.12.0.155 and port 8080
2019-12-23 12:04:20 [DEBUG] Logging Provider: org.jboss.logging.Log4j2LoggerProvider
2019-12-23 12:04:20 [DEBUG] Setting default session timeout to 1800
2019-12-23 12:04:20 [DEBUG] Registered session listener io.undertow.servlet.core.SessionListenerBridge@2d9d4f9d
2019-12-23 12:04:20 [DEBUG] starting undertow server io.undertow.Undertow@460d0a57
2019-12-23 12:04:20 [INFO ] XNIO version 3.3.8.Final
2019-12-23 12:04:20 [INFO ] XNIO NIO Implementation Version 3.3.8.Final
2019-12-23 12:04:20 [DEBUG] Started channel thread 'XNIO-1 I/O-1', selector sun.nio.ch.WindowsSelectorImpl@da3fe68
2019-12-23 12:04:20 [DEBUG] Started channel thread 'XNIO-1 I/O-2', selector sun.nio.ch.WindowsSelectorImpl@52198717
2019-12-23 12:04:20 [DEBUG] Started channel thread 'XNIO-1 I/O-3', selector sun.nio.ch.WindowsSelectorImpl@4772203f
2019-12-23 12:04:20 [DEBUG] Started channel thread 'XNIO-1 I/O-4', selector sun.nio.ch.WindowsSelectorImpl@204d330
2019-12-23 12:04:20 [DEBUG] Started channel thread 'XNIO-1 I/O-5', selector sun.nio.ch.WindowsSelectorImpl@73521e9b
2019-12-23 12:04:20 [DEBUG] Started channel thread 'XNIO-1 I/O-6', selector sun.nio.ch.WindowsSelectorImpl@6699dba1
2019-12-23 12:04:20 [DEBUG] Started channel thread 'XNIO-1 I/O-7', selector sun.nio.ch.WindowsSelectorImpl@76055d55
2019-12-23 12:04:20 [DEBUG] Started channel thread 'XNIO-1 I/O-8', selector sun.nio.ch.WindowsSelectorImpl@5f1a1ce6
2019-12-23 12:04:20 [DEBUG] Started channel thread 'XNIO-1 Accept', selector sun.nio.ch.WindowsSelectorImpl@48f26a19
2019-12-23 12:04:20 [DEBUG] Configuring listener with protocol HTTP for interface 10.12.0.155 and port 8080
2019-12-23 12:05:47 [DEBUG] Matched default handler path /ice_node_receive
2019-12-23 12:05:47 [DEBUG] Attempting to authenticate /ice_node_receive, authentication required: false
2019-12-23 12:05:47 [DEBUG] Authentication outcome was NOT_ATTEMPTED with method io.undertow.security.impl.CachedAuthenticatedSessionMechanism@7215dbf3 for /ice_node_receive
2019-12-23 12:05:47 [DEBUG] Authentication result was ATTEMPTED for /ice_node_receive
2019-12-23 12:05:47 [DEBUG] Matched default handler path /favicon.ico
2019-12-23 12:05:47 [DEBUG] Attempting to authenticate /favicon.ico, authentication required: false
2019-12-23 12:05:47 [DEBUG] Authentication outcome was NOT_ATTEMPTED with method io.undertow.security.impl.CachedAuthenticatedSessionMechanism@7215dbf3 for /favicon.ico
2019-12-23 12:05:47 [DEBUG] Authentication result was ATTEMPTED for /favicon.ico
2019-12-23 12:06:47 [DEBUG] Timing out idle connection from /10.12.0.155:52002
2019-12-23 12:06:47 [DEBUG] Timing out idle connection from /10.12.0.155:52001
2019-12-23 12:08:19 [DEBUG] Logging Provider: org.jboss.logging.Log4j2LoggerProvider
2019-12-23 12:08:19 [DEBUG] Setting default session timeout to 1800
2019-12-23 12:08:19 [DEBUG] Registered session listener io.undertow.servlet.core.SessionListenerBridge@e50a6f6
2019-12-23 12:08:19 [DEBUG] starting undertow server io.undertow.Undertow@1184ab05
2019-12-23 12:08:19 [INFO ] XNIO version 3.3.8.Final
2019-12-23 12:08:19 [INFO ] XNIO NIO Implementation Version 3.3.8.Final
2019-12-23 12:08:20 [DEBUG] Started channel thread 'XNIO-1 I/O-1', selector sun.nio.ch.WindowsSelectorImpl@6699dba1
2019-12-23 12:08:20 [DEBUG] Started channel thread 'XNIO-1 I/O-2', selector sun.nio.ch.WindowsSelectorImpl@76055d55
2019-12-23 12:08:20 [DEBUG] Started channel thread 'XNIO-1 I/O-3', selector sun.nio.ch.WindowsSelectorImpl@5488268
2019-12-23 12:08:20 [DEBUG] Started channel thread 'XNIO-1 I/O-4', selector sun.nio.ch.WindowsSelectorImpl@5f1a1ce6
2019-12-23 12:08:20 [DEBUG] Started channel thread 'XNIO-1 I/O-6', selector sun.nio.ch.WindowsSelectorImpl@e57e901
2019-12-23 12:08:20 [DEBUG] Started channel thread 'XNIO-1 I/O-5', selector sun.nio.ch.WindowsSelectorImpl@1023682c
2019-12-23 12:08:20 [DEBUG] Started channel thread 'XNIO-1 I/O-7', selector sun.nio.ch.WindowsSelectorImpl@55eab0ec
2019-12-23 12:08:20 [DEBUG] Started channel thread 'XNIO-1 I/O-8', selector sun.nio.ch.WindowsSelectorImpl@28d9e293
2019-12-23 12:08:20 [DEBUG] Started channel thread 'XNIO-1 Accept', selector sun.nio.ch.WindowsSelectorImpl@7e1c82be
2019-12-23 12:08:20 [DEBUG] Configuring listener with protocol HTTP for interface 10.12.0.155 and port 8080
2019-12-23 12:08:24 [DEBUG] Matched default handler path /ice_node_receive
2019-12-23 12:08:24 [DEBUG] Attempting to authenticate /ice_node_receive, authentication required: false
2019-12-23 12:08:24 [DEBUG] Authentication outcome was NOT_ATTEMPTED with method io.undertow.security.impl.CachedAuthenticatedSessionMechanism@774c84d3 for /ice_node_receive
2019-12-23 12:08:24 [DEBUG] Authentication result was ATTEMPTED for /ice_node_receive
2019-12-23 12:08:34 [DEBUG] Logging Provider: org.jboss.logging.Log4j2LoggerProvider
2019-12-23 12:08:34 [DEBUG] Setting default session timeout to 1800
2019-12-23 12:08:34 [DEBUG] Registered session listener io.undertow.servlet.core.SessionListenerBridge@eadd4fb
2019-12-23 12:08:34 [DEBUG] starting undertow server io.undertow.Undertow@5e17553a
2019-12-23 12:08:34 [INFO ] XNIO version 3.3.8.Final
2019-12-23 12:08:34 [INFO ] XNIO NIO Implementation Version 3.3.8.Final
2019-12-23 12:08:34 [DEBUG] Started channel thread 'XNIO-1 I/O-1', selector sun.nio.ch.WindowsSelectorImpl@7ddc7ea8
2019-12-23 12:08:34 [DEBUG] Started channel thread 'XNIO-1 I/O-2', selector sun.nio.ch.WindowsSelectorImpl@4b7ddea
2019-12-23 12:08:34 [DEBUG] Started channel thread 'XNIO-1 I/O-3', selector sun.nio.ch.WindowsSelectorImpl@67c22094
2019-12-23 12:08:34 [DEBUG] Started channel thread 'XNIO-1 I/O-4', selector sun.nio.ch.WindowsSelectorImpl@5b99201a
2019-12-23 12:08:34 [DEBUG] Started channel thread 'XNIO-1 I/O-5', selector sun.nio.ch.WindowsSelectorImpl@5db992c2
2019-12-23 12:08:34 [DEBUG] Started channel thread 'XNIO-1 I/O-6', selector sun.nio.ch.WindowsSelectorImpl@430d36c3
2019-12-23 12:08:34 [DEBUG] Started channel thread 'XNIO-1 I/O-7', selector sun.nio.ch.WindowsSelectorImpl@5443fb95
2019-12-23 12:08:34 [DEBUG] Started channel thread 'XNIO-1 I/O-8', selector sun.nio.ch.WindowsSelectorImpl@118319e8
2019-12-23 12:08:34 [DEBUG] Started channel thread 'XNIO-1 Accept', selector sun.nio.ch.WindowsSelectorImpl@305ace85
2019-12-23 12:08:34 [DEBUG] Configuring listener with protocol HTTP for interface 10.12.0.155 and port 8080
2019-12-23 12:08:41 [DEBUG] Matched default handler path /ice_node_receive
2019-12-23 12:08:41 [DEBUG] Attempting to authenticate /ice_node_receive, authentication required: false
2019-12-23 12:08:41 [DEBUG] Authentication outcome was NOT_ATTEMPTED with method io.undertow.security.impl.CachedAuthenticatedSessionMechanism@3e7b2b66 for /ice_node_receive
2019-12-23 12:08:41 [DEBUG] Authentication result was ATTEMPTED for /ice_node_receive
2019-12-23 12:08:54 [DEBUG] Logging Provider: org.jboss.logging.Log4j2LoggerProvider
2019-12-23 12:08:54 [DEBUG] Setting default session timeout to 1800
2019-12-23 12:08:54 [DEBUG] Registered session listener io.undertow.servlet.core.SessionListenerBridge@2ab4bc72
2019-12-23 12:08:54 [DEBUG] starting undertow server io.undertow.Undertow@6531a794
2019-12-23 12:08:54 [INFO ] XNIO version 3.3.8.Final
2019-12-23 12:08:54 [INFO ] XNIO NIO Implementation Version 3.3.8.Final
2019-12-23 12:08:54 [DEBUG] Started channel thread 'XNIO-1 I/O-1', selector sun.nio.ch.WindowsSelectorImpl@153d9233
2019-12-23 12:08:54 [DEBUG] Started channel thread 'XNIO-1 I/O-2', selector sun.nio.ch.WindowsSelectorImpl@47d2f1fe
2019-12-23 12:08:54 [DEBUG] Started channel thread 'XNIO-1 I/O-3', selector sun.nio.ch.WindowsSelectorImpl@52919060
2019-12-23 12:08:54 [DEBUG] Started channel thread 'XNIO-1 I/O-4', selector sun.nio.ch.WindowsSelectorImpl@7ddc7ea8
2019-12-23 12:08:54 [DEBUG] Started channel thread 'XNIO-1 I/O-5', selector sun.nio.ch.WindowsSelectorImpl@fd8d56
2019-12-23 12:08:54 [DEBUG] Started channel thread 'XNIO-1 I/O-6', selector sun.nio.ch.WindowsSelectorImpl@67c22094
2019-12-23 12:08:54 [DEBUG] Started channel thread 'XNIO-1 I/O-7', selector sun.nio.ch.WindowsSelectorImpl@5db992c2
2019-12-23 12:08:54 [DEBUG] Started channel thread 'XNIO-1 I/O-8', selector sun.nio.ch.WindowsSelectorImpl@30a5287e
2019-12-23 12:08:54 [DEBUG] Started channel thread 'XNIO-1 Accept', selector sun.nio.ch.WindowsSelectorImpl@430d36c3
2019-12-23 12:08:54 [DEBUG] Configuring listener with protocol HTTP for interface 10.12.0.155 and port 8080
2019-12-23 12:08:57 [DEBUG] Matched default handler path /ice_node_receive
2019-12-23 12:08:57 [DEBUG] Attempting to authenticate /ice_node_receive, authentication required: false
2019-12-23 12:08:57 [DEBUG] Authentication outcome was NOT_ATTEMPTED with method io.undertow.security.impl.CachedAuthenticatedSessionMechanism@72b5f313 for /ice_node_receive
2019-12-23 12:08:57 [DEBUG] Authentication result was ATTEMPTED for /ice_node_receive
2019-12-23 12:09:39 [DEBUG] Logging Provider: org.jboss.logging.Log4j2LoggerProvider
2019-12-23 12:09:39 [DEBUG] Setting default session timeout to 1800
2019-12-23 12:09:39 [DEBUG] Registered session listener io.undertow.servlet.core.SessionListenerBridge@2ab4bc72
2019-12-23 12:09:39 [DEBUG] starting undertow server io.undertow.Undertow@6531a794
2019-12-23 12:09:39 [INFO ] XNIO version 3.3.8.Final
2019-12-23 12:09:39 [INFO ] XNIO NIO Implementation Version 3.3.8.Final
2019-12-23 12:09:39 [DEBUG] Started channel thread 'XNIO-1 I/O-1', selector sun.nio.ch.WindowsSelectorImpl@4c6ccec
2019-12-23 12:09:39 [DEBUG] Started channel thread 'XNIO-1 I/O-2', selector sun.nio.ch.WindowsSelectorImpl@153d9233
2019-12-23 12:09:39 [DEBUG] Started channel thread 'XNIO-1 I/O-3', selector sun.nio.ch.WindowsSelectorImpl@47d2f1fe
2019-12-23 12:09:39 [DEBUG] Started channel thread 'XNIO-1 I/O-4', selector sun.nio.ch.WindowsSelectorImpl@7ddc7ea8
2019-12-23 12:09:39 [DEBUG] Started channel thread 'XNIO-1 I/O-5', selector sun.nio.ch.WindowsSelectorImpl@4b7ddea
2019-12-23 12:09:39 [DEBUG] Started channel thread 'XNIO-1 I/O-6', selector sun.nio.ch.WindowsSelectorImpl@fd8d56
2019-12-23 12:09:39 [DEBUG] Started channel thread 'XNIO-1 I/O-7', selector sun.nio.ch.WindowsSelectorImpl@67c22094
2019-12-23 12:09:39 [DEBUG] Started channel thread 'XNIO-1 I/O-8', selector sun.nio.ch.WindowsSelectorImpl@5b99201a
2019-12-23 12:09:39 [DEBUG] Started channel thread 'XNIO-1 Accept', selector sun.nio.ch.WindowsSelectorImpl@5db992c2
2019-12-23 12:09:39 [DEBUG] Configuring listener with protocol HTTP for interface 10.12.0.155 and port 8080
2019-12-23 12:09:57 [DEBUG] Matched default handler path /ice_node_invoke_receive
2019-12-23 12:09:57 [DEBUG] Attempting to authenticate /ice_node_invoke_receive, authentication required: false
2019-12-23 12:09:57 [DEBUG] Authentication outcome was NOT_ATTEMPTED with method io.undertow.security.impl.CachedAuthenticatedSessionMechanism@49b30f8d for /ice_node_invoke_receive
2019-12-23 12:09:57 [DEBUG] Authentication result was ATTEMPTED for /ice_node_invoke_receive
2019-12-23 12:10:02 [INFO ] 收到请求: A@B@C
2019-12-23 12:10:57 [DEBUG] Timing out idle connection from /10.12.0.155:52202
2019-12-23 12:11:11 [DEBUG] Timing out idle connection from /10.12.0.155:52201
2019-12-23 14:34:52 [DEBUG] Logging Provider: org.jboss.logging.Log4j2LoggerProvider
2019-12-23 14:34:52 [DEBUG] Setting default session timeout to 1800
2019-12-23 14:34:52 [DEBUG] Registered session listener io.undertow.servlet.core.SessionListenerBridge@5276d6ee
2019-12-23 14:34:52 [DEBUG] starting undertow server io.undertow.Undertow@6f6745d6
2019-12-23 14:34:52 [INFO ] XNIO version 3.3.8.Final
2019-12-23 14:34:52 [INFO ] XNIO NIO Implementation Version 3.3.8.Final
2019-12-23 14:34:52 [DEBUG] Started channel thread 'XNIO-1 I/O-1', selector sun.nio.ch.WindowsSelectorImpl@313f9b91
2019-12-23 14:34:52 [DEBUG] Started channel thread 'XNIO-1 I/O-2', selector sun.nio.ch.WindowsSelectorImpl@70265c7e
2019-12-23 14:34:52 [DEBUG] Started channel thread 'XNIO-1 I/O-3', selector sun.nio.ch.WindowsSelectorImpl@6448c7f5
2019-12-23 14:34:52 [DEBUG] Started channel thread 'XNIO-1 I/O-4', selector sun.nio.ch.WindowsSelectorImpl@744d774e
2019-12-23 14:34:52 [DEBUG] Started channel thread 'XNIO-1 I/O-5', selector sun.nio.ch.WindowsSelectorImpl@3256439c
2019-12-23 14:34:52 [DEBUG] Started channel thread 'XNIO-1 I/O-6', selector sun.nio.ch.WindowsSelectorImpl@1b12460a
2019-12-23 14:34:52 [DEBUG] Started channel thread 'XNIO-1 I/O-7', selector sun.nio.ch.WindowsSelectorImpl@5b56e3d8
2019-12-23 14:34:52 [DEBUG] Started channel thread 'XNIO-1 I/O-8', selector sun.nio.ch.WindowsSelectorImpl@7e9073f2
2019-12-23 14:34:52 [DEBUG] Started channel thread 'XNIO-1 Accept', selector sun.nio.ch.WindowsSelectorImpl@4eb20a4
2019-12-23 14:34:52 [DEBUG] Configuring listener with protocol HTTP for interface 10.12.0.155 and port 8080
2019-12-23 14:35:16 [DEBUG] Logging Provider: org.jboss.logging.Log4j2LoggerProvider
2019-12-23 14:35:16 [DEBUG] Setting default session timeout to 1800
2019-12-23 14:35:16 [DEBUG] Registered session listener io.undertow.servlet.core.SessionListenerBridge@5276d6ee
2019-12-23 14:35:16 [DEBUG] starting undertow server io.undertow.Undertow@6f6745d6
2019-12-23 14:35:16 [INFO ] XNIO version 3.3.8.Final
2019-12-23 14:35:16 [INFO ] XNIO NIO Implementation Version 3.3.8.Final
2019-12-23 14:35:16 [DEBUG] Started channel thread 'XNIO-1 I/O-1', selector sun.nio.ch.WindowsSelectorImpl@6b3e1b9c
2019-12-23 14:35:16 [DEBUG] Started channel thread 'XNIO-1 I/O-2', selector sun.nio.ch.WindowsSelectorImpl@7f5eab49
2019-12-23 14:35:16 [DEBUG] Started channel thread 'XNIO-1 I/O-3', selector sun.nio.ch.WindowsSelectorImpl@313f9b91
2019-12-23 14:35:16 [DEBUG] Started channel thread 'XNIO-1 I/O-4', selector sun.nio.ch.WindowsSelectorImpl@70265c7e
2019-12-23 14:35:16 [DEBUG] Started channel thread 'XNIO-1 I/O-5', selector sun.nio.ch.WindowsSelectorImpl@1eca5e0c
2019-12-23 14:35:16 [DEBUG] Started channel thread 'XNIO-1 I/O-7', selector sun.nio.ch.WindowsSelectorImpl@5d8856c4
2019-12-23 14:35:16 [DEBUG] Started channel thread 'XNIO-1 I/O-6', selector sun.nio.ch.WindowsSelectorImpl@7d10f764
2019-12-23 14:35:16 [DEBUG] Started channel thread 'XNIO-1 Accept', selector sun.nio.ch.WindowsSelectorImpl@1b12460a
2019-12-23 14:35:16 [DEBUG] Started channel thread 'XNIO-1 I/O-8', selector sun.nio.ch.WindowsSelectorImpl@3256439c
2019-12-23 14:35:16 [DEBUG] Configuring listener with protocol HTTP for interface 10.12.0.155 and port 8080
2019-12-23 14:37:53 [DEBUG] Logging Provider: org.jboss.logging.Log4j2LoggerProvider
2019-12-23 14:37:53 [DEBUG] Setting default session timeout to 1800
2019-12-23 14:37:53 [DEBUG] Registered session listener io.undertow.servlet.core.SessionListenerBridge@565f390
2019-12-23 14:37:53 [DEBUG] starting undertow server io.undertow.Undertow@1acaf3d
2019-12-23 14:37:53 [INFO ] XNIO version 3.3.8.Final
2019-12-23 14:37:53 [INFO ] XNIO NIO Implementation Version 3.3.8.Final
2019-12-23 14:37:53 [DEBUG] Started channel thread 'XNIO-1 I/O-1', selector sun.nio.ch.WindowsSelectorImpl@14f8b464
2019-12-23 14:37:53 [DEBUG] Started channel thread 'XNIO-1 I/O-2', selector sun.nio.ch.WindowsSelectorImpl@391b59a5
2019-12-23 14:37:53 [DEBUG] Started channel thread 'XNIO-1 I/O-3', selector sun.nio.ch.WindowsSelectorImpl@2ab0b564
2019-12-23 14:37:53 [DEBUG] Started channel thread 'XNIO-1 I/O-4', selector sun.nio.ch.WindowsSelectorImpl@3f92828d
2019-12-23 14:37:53 [DEBUG] Started channel thread 'XNIO-1 I/O-6', selector sun.nio.ch.WindowsSelectorImpl@284e4049
2019-12-23 14:37:53 [DEBUG] Started channel thread 'XNIO-1 I/O-5', selector sun.nio.ch.WindowsSelectorImpl@4d8b9877
2019-12-23 14:37:53 [DEBUG] Started channel thread 'XNIO-1 I/O-7', selector sun.nio.ch.WindowsSelectorImpl@7a85ad5
2019-12-23 14:37:53 [DEBUG] Started channel thread 'XNIO-1 I/O-8', selector sun.nio.ch.WindowsSelectorImpl@c30f5d6
2019-12-23 14:37:53 [DEBUG] Started channel thread 'XNIO-1 Accept', selector sun.nio.ch.WindowsSelectorImpl@67d8fa92
2019-12-23 14:37:53 [DEBUG] Configuring listener with protocol HTTP for interface 10.12.0.155 and port 8080
2019-12-23 14:38:09 [DEBUG] Logging Provider: org.jboss.logging.Log4j2LoggerProvider
2019-12-23 14:38:09 [DEBUG] Setting default session timeout to 1800
2019-12-23 14:38:09 [DEBUG] Registered session listener io.undertow.servlet.core.SessionListenerBridge@48524010
2019-12-23 14:38:09 [DEBUG] starting undertow server io.undertow.Undertow@6af93788
2019-12-23 14:38:09 [INFO ] XNIO version 3.3.8.Final
2019-12-23 14:38:09 [INFO ] XNIO NIO Implementation Version 3.3.8.Final
2019-12-23 14:38:09 [DEBUG] Started channel thread 'XNIO-1 I/O-1', selector sun.nio.ch.WindowsSelectorImpl@67749760
2019-12-23 14:38:09 [DEBUG] Started channel thread 'XNIO-1 I/O-2', selector sun.nio.ch.WindowsSelectorImpl@f5bba0
2019-12-23 14:38:09 [DEBUG] Started channel thread 'XNIO-1 I/O-3', selector sun.nio.ch.WindowsSelectorImpl@cdd20c7
2019-12-23 14:38:09 [DEBUG] Started channel thread 'XNIO-1 I/O-4', selector sun.nio.ch.WindowsSelectorImpl@2fc615da
2019-12-23 14:38:09 [DEBUG] Started channel thread 'XNIO-1 I/O-5', selector sun.nio.ch.WindowsSelectorImpl@4a2ce56e
2019-12-23 14:38:09 [DEBUG] Started channel thread 'XNIO-1 I/O-6', selector sun.nio.ch.WindowsSelectorImpl@6e5de685
2019-12-23 14:38:09 [DEBUG] Started channel thread 'XNIO-1 I/O-7', selector sun.nio.ch.WindowsSelectorImpl@309a7f44
2019-12-23 14:38:09 [DEBUG] Started channel thread 'XNIO-1 I/O-8', selector sun.nio.ch.WindowsSelectorImpl@2bfa05e0
2019-12-23 14:38:09 [DEBUG] Started channel thread 'XNIO-1 Accept', selector sun.nio.ch.WindowsSelectorImpl@35621393
2019-12-23 14:38:09 [DEBUG] Configuring listener with protocol HTTP for interface 10.12.0.155 and port 8080
2019-12-23 14:38:20 [DEBUG] Matched default handler path /ice_node_invoke_receive
2019-12-23 14:38:20 [DEBUG] Attempting to authenticate /ice_node_invoke_receive, authentication required: false
2019-12-23 14:38:20 [DEBUG] Authentication outcome was NOT_ATTEMPTED with method io.undertow.security.impl.CachedAuthenticatedSessionMechanism@57316cd6 for /ice_node_invoke_receive
2019-12-23 14:38:20 [DEBUG] Authentication result was ATTEMPTED for /ice_node_invoke_receive
2019-12-23 14:38:20 [INFO ] 收到请求: null , null A@B@C
2019-12-23 14:39:20 [DEBUG] Timing out idle connection from /10.12.0.155:55200
2019-12-23 14:39:20 [DEBUG] Timing out idle connection from /10.12.0.155:55199
2019-12-23 14:42:23 [DEBUG] Logging Provider: org.jboss.logging.Log4j2LoggerProvider
2019-12-23 14:42:24 [DEBUG] Setting default session timeout to 1800
2019-12-23 14:42:24 [DEBUG] Registered session listener io.undertow.servlet.core.SessionListenerBridge@1a84f40f
2019-12-23 14:42:24 [DEBUG] starting undertow server io.undertow.Undertow@36c88a32
2019-12-23 14:42:24 [INFO ] XNIO version 3.3.8.Final
2019-12-23 14:42:24 [INFO ] XNIO NIO Implementation Version 3.3.8.Final
2019-12-23 14:42:24 [DEBUG] Started channel thread 'XNIO-1 I/O-1', selector sun.nio.ch.WindowsSelectorImpl@4a2ce56e
2019-12-23 14:42:24 [DEBUG] Started channel thread 'XNIO-1 I/O-2', selector sun.nio.ch.WindowsSelectorImpl@6e5de685
2019-12-23 14:42:24 [DEBUG] Started channel thread 'XNIO-1 I/O-3', selector sun.nio.ch.WindowsSelectorImpl@309a7f44
2019-12-23 14:42:24 [DEBUG] Started channel thread 'XNIO-1 I/O-4', selector sun.nio.ch.WindowsSelectorImpl@91bc6d9
2019-12-23 14:42:24 [DEBUG] Started channel thread 'XNIO-1 I/O-5', selector sun.nio.ch.WindowsSelectorImpl@2bfa05e0
2019-12-23 14:42:24 [DEBUG] Started channel thread 'XNIO-1 I/O-6', selector sun.nio.ch.WindowsSelectorImpl@34d3b6b
2019-12-23 14:42:24 [DEBUG] Started channel thread 'XNIO-1 I/O-7', selector sun.nio.ch.WindowsSelectorImpl@4cfbeb5f
2019-12-23 14:42:24 [DEBUG] Started channel thread 'XNIO-1 I/O-8', selector sun.nio.ch.WindowsSelectorImpl@6b927a99
2019-12-23 14:42:24 [DEBUG] Started channel thread 'XNIO-1 Accept', selector sun.nio.ch.WindowsSelectorImpl@1ad2dbcb
2019-12-23 14:42:24 [DEBUG] Configuring listener with protocol HTTP for interface 10.12.0.155 and port 8080
2019-12-23 14:42:28 [DEBUG] Matched default handler path /ice_node_invoke_receive
2019-12-23 14:42:28 [DEBUG] Attempting to authenticate /ice_node_invoke_receive, authentication required: false
2019-12-23 14:42:28 [DEBUG] Authentication outcome was NOT_ATTEMPTED with method io.undertow.security.impl.CachedAuthenticatedSessionMechanism@58f95930 for /ice_node_invoke_receive
2019-12-23 14:42:28 [DEBUG] Authentication result was ATTEMPTED for /ice_node_invoke_receive
2019-12-23 14:42:28 [INFO ] 收到请求: null , null A@B@C
2019-12-23 14:42:48 [DEBUG] Logging Provider: org.jboss.logging.Log4j2LoggerProvider
2019-12-23 14:42:48 [DEBUG] Setting default session timeout to 1800
2019-12-23 14:42:48 [DEBUG] Registered session listener io.undertow.servlet.core.SessionListenerBridge@1a84f40f
2019-12-23 14:42:48 [DEBUG] starting undertow server io.undertow.Undertow@36c88a32
2019-12-23 14:42:48 [INFO ] XNIO version 3.3.8.Final
2019-12-23 14:42:48 [INFO ] XNIO NIO Implementation Version 3.3.8.Final
2019-12-23 14:42:48 [DEBUG] Started channel thread 'XNIO-1 I/O-1', selector sun.nio.ch.WindowsSelectorImpl@4fc4c374
2019-12-23 14:42:48 [DEBUG] Started channel thread 'XNIO-1 I/O-2', selector sun.nio.ch.WindowsSelectorImpl@4a2ce56e
2019-12-23 14:42:48 [DEBUG] Started channel thread 'XNIO-1 I/O-3', selector sun.nio.ch.WindowsSelectorImpl@6e5de685
2019-12-23 14:42:48 [DEBUG] Started channel thread 'XNIO-1 I/O-4', selector sun.nio.ch.WindowsSelectorImpl@309a7f44
2019-12-23 14:42:48 [DEBUG] Started channel thread 'XNIO-1 I/O-5', selector sun.nio.ch.WindowsSelectorImpl@2bfa05e0
2019-12-23 14:42:48 [DEBUG] Started channel thread 'XNIO-1 I/O-6', selector sun.nio.ch.WindowsSelectorImpl@35621393
2019-12-23 14:42:48 [DEBUG] Started channel thread 'XNIO-1 I/O-7', selector sun.nio.ch.WindowsSelectorImpl@34d3b6b
2019-12-23 14:42:48 [DEBUG] Started channel thread 'XNIO-1 I/O-8', selector sun.nio.ch.WindowsSelectorImpl@5401e3b3
2019-12-23 14:42:48 [DEBUG] Started channel thread 'XNIO-1 Accept', selector sun.nio.ch.WindowsSelectorImpl@4cfbeb5f
2019-12-23 14:42:48 [DEBUG] Configuring listener with protocol HTTP for interface 10.12.0.155 and port 8080
2019-12-23 14:42:50 [DEBUG] Matched default handler path /ice_node_invoke_receive
2019-12-23 14:42:50 [DEBUG] Attempting to authenticate /ice_node_invoke_receive, authentication required: false
2019-12-23 14:42:50 [DEBUG] Authentication outcome was NOT_ATTEMPTED with method io.undertow.security.impl.CachedAuthenticatedSessionMechanism@4f81e815 for /ice_node_invoke_receive
2019-12-23 14:42:50 [DEBUG] Authentication result was ATTEMPTED for /ice_node_invoke_receive
2019-12-23 14:42:50 [INFO ] 收到请求: null , null A@B@C
2019-12-23 14:43:04 [DEBUG] Logging Provider: org.jboss.logging.Log4j2LoggerProvider
2019-12-23 14:43:04 [DEBUG] Setting default session timeout to 1800
2019-12-23 14:43:04 [DEBUG] Registered session listener io.undertow.servlet.core.SessionListenerBridge@1a84f40f
2019-12-23 14:43:04 [DEBUG] starting undertow server io.undertow.Undertow@36c88a32
2019-12-23 14:43:04 [INFO ] XNIO version 3.3.8.Final
2019-12-23 14:43:04 [INFO ] XNIO NIO Implementation Version 3.3.8.Final
2019-12-23 14:43:04 [DEBUG] Started channel thread 'XNIO-1 I/O-1', selector sun.nio.ch.WindowsSelectorImpl@2fc615da
2019-12-23 14:43:04 [DEBUG] Started channel thread 'XNIO-1 I/O-2', selector sun.nio.ch.WindowsSelectorImpl@4fc4c374
2019-12-23 14:43:04 [DEBUG] Started channel thread 'XNIO-1 I/O-3', selector sun.nio.ch.WindowsSelectorImpl@4a2ce56e
2019-12-23 14:43:04 [DEBUG] Started channel thread 'XNIO-1 I/O-4', selector sun.nio.ch.WindowsSelectorImpl@6e5de685
2019-12-23 14:43:04 [DEBUG] Started channel thread 'XNIO-1 I/O-5', selector sun.nio.ch.WindowsSelectorImpl@309a7f44
2019-12-23 14:43:04 [DEBUG] Started channel thread 'XNIO-1 I/O-6', selector sun.nio.ch.WindowsSelectorImpl@35621393
2019-12-23 14:43:04 [DEBUG] Started channel thread 'XNIO-1 I/O-7', selector sun.nio.ch.WindowsSelectorImpl@34d3b6b
2019-12-23 14:43:04 [DEBUG] Started channel thread 'XNIO-1 I/O-8', selector sun.nio.ch.WindowsSelectorImpl@5401e3b3
2019-12-23 14:43:04 [DEBUG] Started channel thread 'XNIO-1 Accept', selector sun.nio.ch.WindowsSelectorImpl@4cfbeb5f
2019-12-23 14:43:04 [DEBUG] Configuring listener with protocol HTTP for interface 10.12.0.155 and port 8080
2019-12-23 14:43:07 [DEBUG] Matched default handler path /ice_node_invoke_receive
2019-12-23 14:43:07 [DEBUG] Attempting to authenticate /ice_node_invoke_receive, authentication required: false
2019-12-23 14:43:07 [DEBUG] Authentication outcome was NOT_ATTEMPTED with method io.undertow.security.impl.CachedAuthenticatedSessionMechanism@43578859 for /ice_node_invoke_receive
2019-12-23 14:43:07 [DEBUG] Authentication result was ATTEMPTED for /ice_node_invoke_receive
2019-12-23 14:43:07 [INFO ] 收到请求: null , null A@B@C
2019-12-23 14:44:06 [DEBUG] Logging Provider: org.jboss.logging.Log4j2LoggerProvider
2019-12-23 14:44:06 [DEBUG] Setting default session timeout to 1800
2019-12-23 14:44:06 [DEBUG] Registered session listener io.undertow.servlet.core.SessionListenerBridge@48524010
2019-12-23 14:44:06 [DEBUG] starting undertow server io.undertow.Undertow@6af93788
2019-12-23 14:44:06 [INFO ] XNIO version 3.3.8.Final
2019-12-23 14:44:06 [INFO ] XNIO NIO Implementation Version 3.3.8.Final
2019-12-23 14:44:06 [DEBUG] Started channel thread 'XNIO-1 I/O-1', selector sun.nio.ch.WindowsSelectorImpl@67749760
2019-12-23 14:44:06 [DEBUG] Started channel thread 'XNIO-1 I/O-2', selector sun.nio.ch.WindowsSelectorImpl@f5bba0
2019-12-23 14:44:06 [DEBUG] Started channel thread 'XNIO-1 I/O-3', selector sun.nio.ch.WindowsSelectorImpl@cdd20c7
2019-12-23 14:44:06 [DEBUG] Started channel thread 'XNIO-1 I/O-4', selector sun.nio.ch.WindowsSelectorImpl@5dd8154a
2019-12-23 14:44:06 [DEBUG] Started channel thread 'XNIO-1 I/O-5', selector sun.nio.ch.WindowsSelectorImpl@4fc4c374
2019-12-23 14:44:06 [DEBUG] Started channel thread 'XNIO-1 I/O-6', selector sun.nio.ch.WindowsSelectorImpl@4a2ce56e
2019-12-23 14:44:06 [DEBUG] Started channel thread 'XNIO-1 I/O-7', selector sun.nio.ch.WindowsSelectorImpl@6e5de685
2019-12-23 14:44:06 [DEBUG] Started channel thread 'XNIO-1 I/O-8', selector sun.nio.ch.WindowsSelectorImpl@309a7f44
2019-12-23 14:44:06 [DEBUG] Started channel thread 'XNIO-1 Accept', selector sun.nio.ch.WindowsSelectorImpl@91bc6d9
2019-12-23 14:44:06 [DEBUG] Configuring listener with protocol HTTP for interface 10.12.0.155 and port 8080
2019-12-23 14:44:10 [DEBUG] Matched default handler path /ice_node_invoke_receive
2019-12-23 14:44:10 [DEBUG] Attempting to authenticate /ice_node_invoke_receive, authentication required: false
2019-12-23 14:44:10 [DEBUG] Authentication outcome was NOT_ATTEMPTED with method io.undertow.security.impl.CachedAuthenticatedSessionMechanism@58f95930 for /ice_node_invoke_receive
2019-12-23 14:44:10 [DEBUG] Authentication result was ATTEMPTED for /ice_node_invoke_receive
2019-12-23 14:44:10 [INFO ] 收到请求: null , null A@B@C
2019-12-23 14:44:32 [DEBUG] Logging Provider: org.jboss.logging.Log4j2LoggerProvider
2019-12-23 14:44:32 [DEBUG] Setting default session timeout to 1800
2019-12-23 14:44:32 [DEBUG] Registered session listener io.undertow.servlet.core.SessionListenerBridge@48524010
2019-12-23 14:44:32 [DEBUG] starting undertow server io.undertow.Undertow@6af93788
2019-12-23 14:44:32 [INFO ] XNIO version 3.3.8.Final
2019-12-23 14:44:32 [INFO ] XNIO NIO Implementation Version 3.3.8.Final
2019-12-23 14:44:33 [DEBUG] Started channel thread 'XNIO-1 I/O-1', selector sun.nio.ch.WindowsSelectorImpl@61cafcaa
2019-12-23 14:44:33 [DEBUG] Started channel thread 'XNIO-1 I/O-2', selector sun.nio.ch.WindowsSelectorImpl@67749760
2019-12-23 14:44:33 [DEBUG] Started channel thread 'XNIO-1 I/O-3', selector sun.nio.ch.WindowsSelectorImpl@f5bba0
2019-12-23 14:44:33 [DEBUG] Started channel thread 'XNIO-1 I/O-4', selector sun.nio.ch.WindowsSelectorImpl@cdd20c7
2019-12-23 14:44:33 [DEBUG] Started channel thread 'XNIO-1 I/O-5', selector sun.nio.ch.WindowsSelectorImpl@2fc615da
2019-12-23 14:44:33 [DEBUG] Started channel thread 'XNIO-1 I/O-6', selector sun.nio.ch.WindowsSelectorImpl@4fc4c374
2019-12-23 14:44:33 [DEBUG] Started channel thread 'XNIO-1 I/O-7', selector sun.nio.ch.WindowsSelectorImpl@4a2ce56e
2019-12-23 14:44:33 [DEBUG] Started channel thread 'XNIO-1 I/O-8', selector sun.nio.ch.WindowsSelectorImpl@6e5de685
2019-12-23 14:44:33 [DEBUG] Started channel thread 'XNIO-1 Accept', selector sun.nio.ch.WindowsSelectorImpl@309a7f44
2019-12-23 14:44:33 [DEBUG] Configuring listener with protocol HTTP for interface 10.12.0.155 and port 8080
2019-12-23 14:44:36 [DEBUG] Matched default handler path /ice_node_invoke_receive
2019-12-23 14:44:36 [DEBUG] Attempting to authenticate /ice_node_invoke_receive, authentication required: false
2019-12-23 14:44:36 [DEBUG] Authentication outcome was NOT_ATTEMPTED with method io.undertow.security.impl.CachedAuthenticatedSessionMechanism@eda75e9 for /ice_node_invoke_receive
2019-12-23 14:44:36 [DEBUG] Authentication result was ATTEMPTED for /ice_node_invoke_receive
2019-12-23 14:44:36 [INFO ] 收到请求: null , null A@B@C
2019-12-23 14:44:44 [DEBUG] Matched default handler path /ice_node_invoke_receive
2019-12-23 14:44:44 [DEBUG] Attempting to authenticate /ice_node_invoke_receive, authentication required: false
2019-12-23 14:44:44 [DEBUG] Authentication outcome was NOT_ATTEMPTED with method io.undertow.security.impl.CachedAuthenticatedSessionMechanism@eda75e9 for /ice_node_invoke_receive
2019-12-23 14:44:44 [DEBUG] Authentication result was ATTEMPTED for /ice_node_invoke_receive
2019-12-23 14:44:44 [INFO ] 收到请求: null , null A@B@C
2019-12-23 14:45:36 [DEBUG] Timing out idle connection from /10.12.0.155:55437
2019-12-23 14:45:49 [DEBUG] Timing out idle connection from /10.12.0.155:55436
2019-12-23 14:46:23 [DEBUG] Logging Provider: org.jboss.logging.Log4j2LoggerProvider
2019-12-23 14:46:23 [DEBUG] Setting default session timeout to 1800
2019-12-23 14:46:23 [DEBUG] Registered session listener io.undertow.servlet.core.SessionListenerBridge@358c99f5
2019-12-23 14:46:23 [DEBUG] starting undertow server io.undertow.Undertow@1b1473ab
2019-12-23 14:46:23 [INFO ] XNIO version 3.3.8.Final
2019-12-23 14:46:23 [INFO ] XNIO NIO Implementation Version 3.3.8.Final
2019-12-23 14:46:23 [DEBUG] Started channel thread 'XNIO-1 I/O-1', selector sun.nio.ch.WindowsSelectorImpl@7959b567
2019-12-23 14:46:23 [DEBUG] Started channel thread 'XNIO-1 I/O-2', selector sun.nio.ch.WindowsSelectorImpl@725ddb2e
2019-12-23 14:46:23 [DEBUG] Started channel thread 'XNIO-1 I/O-3', selector sun.nio.ch.WindowsSelectorImpl@7e80f1a0
2019-12-23 14:46:23 [DEBUG] Started channel thread 'XNIO-1 I/O-4', selector sun.nio.ch.WindowsSelectorImpl@3b840196
2019-12-23 14:46:23 [DEBUG] Started channel thread 'XNIO-1 I/O-5', selector sun.nio.ch.WindowsSelectorImpl@4d85a090
2019-12-23 14:46:23 [DEBUG] Started channel thread 'XNIO-1 I/O-6', selector sun.nio.ch.WindowsSelectorImpl@61cafcaa
2019-12-23 14:46:23 [DEBUG] Started channel thread 'XNIO-1 I/O-7', selector sun.nio.ch.WindowsSelectorImpl@f5bba0
2019-12-23 14:46:23 [DEBUG] Started channel thread 'XNIO-1 I/O-8', selector sun.nio.ch.WindowsSelectorImpl@cdd20c7
2019-12-23 14:46:23 [DEBUG] Started channel thread 'XNIO-1 Accept', selector sun.nio.ch.WindowsSelectorImpl@5dd8154a
2019-12-23 14:46:23 [DEBUG] Configuring listener with protocol HTTP for interface 10.12.0.155 and port 8080
2019-12-23 14:46:28 [DEBUG] Matched default handler path /ice_node_invoke_receive
2019-12-23 14:46:28 [DEBUG] Attempting to authenticate /ice_node_invoke_receive, authentication required: false
2019-12-23 14:46:28 [DEBUG] Authentication outcome was NOT_ATTEMPTED with method io.undertow.security.impl.CachedAuthenticatedSessionMechanism@eda75e9 for /ice_node_invoke_receive
2019-12-23 14:46:28 [DEBUG] Authentication result was ATTEMPTED for /ice_node_invoke_receive
2019-12-23 14:46:28 [INFO ] 收到请求: null , null A@B@C
2019-12-23 14:47:28 [DEBUG] Timing out idle connection from /10.12.0.155:55494
2019-12-23 14:49:27 [DEBUG] Logging Provider: org.jboss.logging.Log4j2LoggerProvider
2019-12-23 14:49:27 [DEBUG] Setting default session timeout to 1800
2019-12-23 14:49:27 [DEBUG] Registered session listener io.undertow.servlet.core.SessionListenerBridge@48524010
2019-12-23 14:49:27 [DEBUG] starting undertow server io.undertow.Undertow@6af93788
2019-12-23 14:49:27 [INFO ] XNIO version 3.3.8.Final
2019-12-23 14:49:27 [INFO ] XNIO NIO Implementation Version 3.3.8.Final
2019-12-23 14:49:27 [DEBUG] Started channel thread 'XNIO-1 I/O-1', selector sun.nio.ch.WindowsSelectorImpl@4cfbc24f
2019-12-23 14:49:27 [DEBUG] Started channel thread 'XNIO-1 I/O-2', selector sun.nio.ch.WindowsSelectorImpl@5175362f
2019-12-23 14:49:27 [DEBUG] Started channel thread 'XNIO-1 I/O-3', selector sun.nio.ch.WindowsSelectorImpl@6a90d76e
2019-12-23 14:49:27 [DEBUG] Started channel thread 'XNIO-1 I/O-4', selector sun.nio.ch.WindowsSelectorImpl@12ec3b72
2019-12-23 14:49:27 [DEBUG] Started channel thread 'XNIO-1 I/O-5', selector sun.nio.ch.WindowsSelectorImpl@6106fd1b
2019-12-23 14:49:27 [DEBUG] Started channel thread 'XNIO-1 I/O-6', selector sun.nio.ch.WindowsSelectorImpl@52bb4c41
2019-12-23 14:49:27 [DEBUG] Started channel thread 'XNIO-1 I/O-7', selector sun.nio.ch.WindowsSelectorImpl@a99feb8
2019-12-23 14:49:27 [DEBUG] Started channel thread 'XNIO-1 I/O-8', selector sun.nio.ch.WindowsSelectorImpl@25206cdb
2019-12-23 14:49:27 [DEBUG] Started channel thread 'XNIO-1 Accept', selector sun.nio.ch.WindowsSelectorImpl@454d22a2
2019-12-23 14:49:27 [DEBUG] Configuring listener with protocol HTTP for interface 10.12.0.155 and port 8080
2019-12-23 14:49:32 [DEBUG] Matched default handler path /ice_node_invoke_receive
2019-12-23 14:49:32 [DEBUG] Attempting to authenticate /ice_node_invoke_receive, authentication required: false
2019-12-23 14:49:32 [DEBUG] Authentication outcome was NOT_ATTEMPTED with method io.undertow.security.impl.CachedAuthenticatedSessionMechanism@203d31d9 for /ice_node_invoke_receive
2019-12-23 14:49:32 [DEBUG] Authentication result was ATTEMPTED for /ice_node_invoke_receive
2019-12-23 14:49:32 [INFO ] 收到请求: null , null A@B@C
2019-12-23 14:50:32 [DEBUG] Timing out idle connection from /10.12.0.155:55726
2019-12-23 15:07:12 [DEBUG] Logging Provider: org.jboss.logging.Log4j2LoggerProvider
2019-12-23 15:07:12 [DEBUG] Setting default session timeout to 1800
2019-12-23 15:07:12 [DEBUG] Registered session listener io.undertow.servlet.core.SessionListenerBridge@105fece7
2019-12-23 15:07:12 [DEBUG] starting undertow server io.undertow.Undertow@47d90b9e
2019-12-23 15:07:12 [INFO ] XNIO version 3.3.8.Final
2019-12-23 15:07:12 [INFO ] XNIO NIO Implementation Version 3.3.8.Final
2019-12-23 15:07:13 [DEBUG] Started channel thread 'XNIO-1 I/O-1', selector sun.nio.ch.WindowsSelectorImpl@57f6da73
2019-12-23 15:07:13 [DEBUG] Started channel thread 'XNIO-1 I/O-2', selector sun.nio.ch.WindowsSelectorImpl@66a1fd8b
2019-12-23 15:07:13 [DEBUG] Started channel thread 'XNIO-1 I/O-3', selector sun.nio.ch.WindowsSelectorImpl@4528e9a7
2019-12-23 15:07:13 [DEBUG] Started channel thread 'XNIO-1 I/O-4', selector sun.nio.ch.WindowsSelectorImpl@387edc9
2019-12-23 15:07:13 [DEBUG] Started channel thread 'XNIO-1 I/O-5', selector sun.nio.ch.WindowsSelectorImpl@7862a370
2019-12-23 15:07:13 [DEBUG] Started channel thread 'XNIO-1 I/O-6', selector sun.nio.ch.WindowsSelectorImpl@aaddb19
2019-12-23 15:07:13 [DEBUG] Started channel thread 'XNIO-1 I/O-7', selector sun.nio.ch.WindowsSelectorImpl@6d03058f
2019-12-23 15:07:13 [DEBUG] Started channel thread 'XNIO-1 I/O-8', selector sun.nio.ch.WindowsSelectorImpl@65236090
2019-12-23 15:07:13 [DEBUG] Started channel thread 'XNIO-1 Accept', selector sun.nio.ch.WindowsSelectorImpl@72814480
2019-12-23 15:07:13 [DEBUG] Configuring listener with protocol HTTP for interface 10.12.0.155 and port 8080
2019-12-23 15:07:14 [DEBUG] Matched default handler path /ice_node_invoke_receive
2019-12-23 15:07:14 [DEBUG] Attempting to authenticate /ice_node_invoke_receive, authentication required: false
2019-12-23 15:07:14 [DEBUG] Authentication outcome was NOT_ATTEMPTED with method io.undertow.security.impl.CachedAuthenticatedSessionMechanism@2cc510ab for /ice_node_invoke_receive
2019-12-23 15:07:14 [DEBUG] Authentication result was ATTEMPTED for /ice_node_invoke_receive
2019-12-23 15:07:58 [DEBUG] Logging Provider: org.jboss.logging.Log4j2LoggerProvider
2019-12-23 15:07:58 [DEBUG] Setting default session timeout to 1800
2019-12-23 15:07:58 [DEBUG] Registered session listener io.undertow.servlet.core.SessionListenerBridge@5276d6ee
2019-12-23 15:07:58 [DEBUG] starting undertow server io.undertow.Undertow@6f6745d6
2019-12-23 15:07:58 [INFO ] XNIO version 3.3.8.Final
2019-12-23 15:07:58 [INFO ] XNIO NIO Implementation Version 3.3.8.Final
2019-12-23 15:07:58 [DEBUG] Started channel thread 'XNIO-1 I/O-1', selector sun.nio.ch.WindowsSelectorImpl@3999fcee
2019-12-23 15:07:58 [DEBUG] Started channel thread 'XNIO-1 I/O-2', selector sun.nio.ch.WindowsSelectorImpl@6517870f
2019-12-23 15:07:58 [DEBUG] Started channel thread 'XNIO-1 I/O-3', selector sun.nio.ch.WindowsSelectorImpl@34e1ca57
2019-12-23 15:07:58 [DEBUG] Started channel thread 'XNIO-1 I/O-4', selector sun.nio.ch.WindowsSelectorImpl@782dd35e
2019-12-23 15:07:58 [DEBUG] Started channel thread 'XNIO-1 I/O-5', selector sun.nio.ch.WindowsSelectorImpl@142e36f5
2019-12-23 15:07:58 [DEBUG] Started channel thread 'XNIO-1 I/O-6', selector sun.nio.ch.WindowsSelectorImpl@564fc047
2019-12-23 15:07:58 [DEBUG] Started channel thread 'XNIO-1 I/O-7', selector sun.nio.ch.WindowsSelectorImpl@d9d6a4f
2019-12-23 15:07:58 [DEBUG] Started channel thread 'XNIO-1 I/O-8', selector sun.nio.ch.WindowsSelectorImpl@49bdf733
2019-12-23 15:07:58 [DEBUG] Started channel thread 'XNIO-1 Accept', selector sun.nio.ch.WindowsSelectorImpl@51f74108
2019-12-23 15:07:58 [DEBUG] Configuring listener with protocol HTTP for interface 10.12.0.155 and port 8080
2019-12-23 15:08:06 [DEBUG] Matched default handler path /ice_node_invoke_receive
2019-12-23 15:08:06 [DEBUG] Attempting to authenticate /ice_node_invoke_receive, authentication required: false
2019-12-23 15:08:06 [DEBUG] Authentication outcome was NOT_ATTEMPTED with method io.undertow.security.impl.CachedAuthenticatedSessionMechanism@c4a8b2 for /ice_node_invoke_receive
2019-12-23 15:08:06 [DEBUG] Authentication result was ATTEMPTED for /ice_node_invoke_receive
2019-12-23 15:09:40 [DEBUG] Logging Provider: org.jboss.logging.Log4j2LoggerProvider
2019-12-23 15:09:40 [DEBUG] Setting default session timeout to 1800
2019-12-23 15:09:40 [DEBUG] Registered session listener io.undertow.servlet.core.SessionListenerBridge@105fece7
2019-12-23 15:09:40 [DEBUG] starting undertow server io.undertow.Undertow@47d90b9e
2019-12-23 15:09:40 [INFO ] XNIO version 3.3.8.Final
2019-12-23 15:09:40 [INFO ] XNIO NIO Implementation Version 3.3.8.Final
2019-12-23 15:09:40 [DEBUG] Started channel thread 'XNIO-1 I/O-1', selector sun.nio.ch.WindowsSelectorImpl@78802ad1
2019-12-23 15:09:40 [DEBUG] Started channel thread 'XNIO-1 I/O-2', selector sun.nio.ch.WindowsSelectorImpl@37952a21
2019-12-23 15:09:40 [DEBUG] Started channel thread 'XNIO-1 I/O-3', selector sun.nio.ch.WindowsSelectorImpl@64e55ef0
2019-12-23 15:09:40 [DEBUG] Started channel thread 'XNIO-1 I/O-4', selector sun.nio.ch.WindowsSelectorImpl@5cdc2c80
2019-12-23 15:09:40 [DEBUG] Started channel thread 'XNIO-1 I/O-5', selector sun.nio.ch.WindowsSelectorImpl@8cd3803
2019-12-23 15:09:40 [DEBUG] Started channel thread 'XNIO-1 I/O-6', selector sun.nio.ch.WindowsSelectorImpl@4883a70d
2019-12-23 15:09:40 [DEBUG] Started channel thread 'XNIO-1 I/O-8', selector sun.nio.ch.WindowsSelectorImpl@454a8fa5
2019-12-23 15:09:40 [DEBUG] Started channel thread 'XNIO-1 I/O-7', selector sun.nio.ch.WindowsSelectorImpl@57f6da73
2019-12-23 15:09:40 [DEBUG] Started channel thread 'XNIO-1 Accept', selector sun.nio.ch.WindowsSelectorImpl@5b05fd9c
2019-12-23 15:09:40 [DEBUG] Configuring listener with protocol HTTP for interface 10.12.0.155 and port 8080
2019-12-23 15:09:44 [DEBUG] Matched default handler path /ice_node_invoke_receive
2019-12-23 15:09:44 [DEBUG] Attempting to authenticate /ice_node_invoke_receive, authentication required: false
2019-12-23 15:09:44 [DEBUG] Authentication outcome was NOT_ATTEMPTED with method io.undertow.security.impl.CachedAuthenticatedSessionMechanism@251306d for /ice_node_invoke_receive
2019-12-23 15:09:44 [DEBUG] Authentication result was ATTEMPTED for /ice_node_invoke_receive
2019-12-23 15:10:44 [DEBUG] Timing out idle connection from /10.12.0.155:56325
2019-12-23 15:11:07 [DEBUG] Logging Provider: org.jboss.logging.Log4j2LoggerProvider
2019-12-23 15:11:07 [DEBUG] Setting default session timeout to 1800
2019-12-23 15:11:07 [DEBUG] Registered session listener io.undertow.servlet.core.SessionListenerBridge@105fece7
2019-12-23 15:11:07 [DEBUG] starting undertow server io.undertow.Undertow@47d90b9e
2019-12-23 15:11:07 [INFO ] XNIO version 3.3.8.Final
2019-12-23 15:11:07 [INFO ] XNIO NIO Implementation Version 3.3.8.Final
2019-12-23 15:11:07 [DEBUG] Started channel thread 'XNIO-1 I/O-1', selector sun.nio.ch.WindowsSelectorImpl@4d40e828
2019-12-23 15:11:07 [DEBUG] Started channel thread 'XNIO-1 I/O-2', selector sun.nio.ch.WindowsSelectorImpl@95260bc
2019-12-23 15:11:07 [DEBUG] Started channel thread 'XNIO-1 I/O-3', selector sun.nio.ch.WindowsSelectorImpl@3d203121
2019-12-23 15:11:07 [DEBUG] Started channel thread 'XNIO-1 I/O-4', selector sun.nio.ch.WindowsSelectorImpl@5e18830c
2019-12-23 15:11:07 [DEBUG] Started channel thread 'XNIO-1 I/O-5', selector sun.nio.ch.WindowsSelectorImpl@791295a
2019-12-23 15:11:07 [DEBUG] Started channel thread 'XNIO-1 I/O-6', selector sun.nio.ch.WindowsSelectorImpl@65236090
2019-12-23 15:11:07 [DEBUG] Started channel thread 'XNIO-1 I/O-7', selector sun.nio.ch.WindowsSelectorImpl@57512c7e
2019-12-23 15:11:07 [DEBUG] Started channel thread 'XNIO-1 I/O-8', selector sun.nio.ch.WindowsSelectorImpl@72814480
2019-12-23 15:11:07 [DEBUG] Started channel thread 'XNIO-1 Accept', selector sun.nio.ch.WindowsSelectorImpl@783213e4
2019-12-23 15:11:07 [DEBUG] Configuring listener with protocol HTTP for interface 10.12.0.155 and port 8080
2019-12-23 15:16:21 [DEBUG] Logging Provider: org.jboss.logging.Log4j2LoggerProvider
2019-12-23 15:16:21 [DEBUG] Setting default session timeout to 1800
2019-12-23 15:16:21 [DEBUG] Registered session listener io.undertow.servlet.core.SessionListenerBridge@105fece7
2019-12-23 15:16:21 [DEBUG] starting undertow server io.undertow.Undertow@47d90b9e
2019-12-23 15:16:21 [INFO ] XNIO version 3.3.8.Final
2019-12-23 15:16:21 [INFO ] XNIO NIO Implementation Version 3.3.8.Final
2019-12-23 15:16:22 [DEBUG] Started channel thread 'XNIO-1 I/O-1', selector sun.nio.ch.WindowsSelectorImpl@78802ad1
2019-12-23 15:16:22 [DEBUG] Started channel thread 'XNIO-1 I/O-2', selector sun.nio.ch.WindowsSelectorImpl@37952a21
2019-12-23 15:16:22 [DEBUG] Started channel thread 'XNIO-1 I/O-3', selector sun.nio.ch.WindowsSelectorImpl@64e55ef0
2019-12-23 15:16:22 [DEBUG] Started channel thread 'XNIO-1 I/O-4', selector sun.nio.ch.WindowsSelectorImpl@51d4dbb6
2019-12-23 15:16:22 [DEBUG] Started channel thread 'XNIO-1 I/O-5', selector sun.nio.ch.WindowsSelectorImpl@485763c4
2019-12-23 15:16:22 [DEBUG] Started channel thread 'XNIO-1 I/O-6', selector sun.nio.ch.WindowsSelectorImpl@8cd3803
2019-12-23 15:16:22 [DEBUG] Started channel thread 'XNIO-1 I/O-7', selector sun.nio.ch.WindowsSelectorImpl@4883a70d
2019-12-23 15:16:22 [DEBUG] Started channel thread 'XNIO-1 I/O-8', selector sun.nio.ch.WindowsSelectorImpl@57f6da73
2019-12-23 15:16:22 [DEBUG] Started channel thread 'XNIO-1 Accept', selector sun.nio.ch.WindowsSelectorImpl@454a8fa5
2019-12-23 15:16:22 [DEBUG] Configuring listener with protocol HTTP for interface 10.12.0.155 and port 8080
2019-12-23 15:17:10 [DEBUG] Logging Provider: org.jboss.logging.Log4j2LoggerProvider
2019-12-23 15:17:10 [DEBUG] Setting default session timeout to 1800
2019-12-23 15:17:10 [DEBUG] Registered session listener io.undertow.servlet.core.SessionListenerBridge@105fece7
2019-12-23 15:17:11 [DEBUG] starting undertow server io.undertow.Undertow@47d90b9e
2019-12-23 15:17:11 [INFO ] XNIO version 3.3.8.Final
2019-12-23 15:17:11 [INFO ] XNIO NIO Implementation Version 3.3.8.Final
2019-12-23 15:17:11 [DEBUG] Started channel thread 'XNIO-1 I/O-1', selector sun.nio.ch.WindowsSelectorImpl@fa49159
2019-12-23 15:17:11 [DEBUG] Started channel thread 'XNIO-1 I/O-2', selector sun.nio.ch.WindowsSelectorImpl@78802ad1
2019-12-23 15:17:11 [DEBUG] Started channel thread 'XNIO-1 I/O-3', selector sun.nio.ch.WindowsSelectorImpl@37952a21
2019-12-23 15:17:11 [DEBUG] Started channel thread 'XNIO-1 I/O-4', selector sun.nio.ch.WindowsSelectorImpl@64e55ef0
2019-12-23 15:17:11 [DEBUG] Started channel thread 'XNIO-1 I/O-5', selector sun.nio.ch.WindowsSelectorImpl@5cdc2c80
2019-12-23 15:17:11 [DEBUG] Started channel thread 'XNIO-1 I/O-6', selector sun.nio.ch.WindowsSelectorImpl@485763c4
2019-12-23 15:17:11 [DEBUG] Started channel thread 'XNIO-1 I/O-7', selector sun.nio.ch.WindowsSelectorImpl@8cd3803
2019-12-23 15:17:11 [DEBUG] Started channel thread 'XNIO-1 I/O-8', selector sun.nio.ch.WindowsSelectorImpl@57f6da73
2019-12-23 15:17:11 [DEBUG] Started channel thread 'XNIO-1 Accept', selector sun.nio.ch.WindowsSelectorImpl@454a8fa5
2019-12-23 15:17:11 [DEBUG] Configuring listener with protocol HTTP for interface 10.12.0.155 and port 8080
2019-12-23 15:17:29 [DEBUG] Logging Provider: org.jboss.logging.Log4j2LoggerProvider
2019-12-23 15:17:29 [DEBUG] Setting default session timeout to 1800
2019-12-23 15:17:29 [DEBUG] Registered session listener io.undertow.servlet.core.SessionListenerBridge@105fece7
2019-12-23 15:17:29 [DEBUG] starting undertow server io.undertow.Undertow@47d90b9e
2019-12-23 15:17:29 [INFO ] XNIO version 3.3.8.Final
2019-12-23 15:17:29 [INFO ] XNIO NIO Implementation Version 3.3.8.Final
2019-12-23 15:17:29 [DEBUG] Started channel thread 'XNIO-1 I/O-1', selector sun.nio.ch.WindowsSelectorImpl@78802ad1
2019-12-23 15:17:29 [DEBUG] Started channel thread 'XNIO-1 I/O-2', selector sun.nio.ch.WindowsSelectorImpl@37952a21
2019-12-23 15:17:29 [DEBUG] Started channel thread 'XNIO-1 I/O-3', selector sun.nio.ch.WindowsSelectorImpl@64e55ef0
2019-12-23 15:17:29 [DEBUG] Started channel thread 'XNIO-1 I/O-4', selector sun.nio.ch.WindowsSelectorImpl@51d4dbb6
2019-12-23 15:17:29 [DEBUG] Started channel thread 'XNIO-1 I/O-5', selector sun.nio.ch.WindowsSelectorImpl@5cdc2c80
2019-12-23 15:17:29 [DEBUG] Started channel thread 'XNIO-1 I/O-6', selector sun.nio.ch.WindowsSelectorImpl@8cd3803
2019-12-23 15:17:29 [DEBUG] Started channel thread 'XNIO-1 I/O-7', selector sun.nio.ch.WindowsSelectorImpl@57f6da73
2019-12-23 15:17:29 [DEBUG] Started channel thread 'XNIO-1 I/O-8', selector sun.nio.ch.WindowsSelectorImpl@454a8fa5
2019-12-23 15:17:29 [DEBUG] Started channel thread 'XNIO-1 Accept', selector sun.nio.ch.WindowsSelectorImpl@5b05fd9c
2019-12-23 15:17:29 [DEBUG] Configuring listener with protocol HTTP for interface 10.12.0.155 and port 8080
2019-12-23 15:17:40 [DEBUG] Logging Provider: org.jboss.logging.Log4j2LoggerProvider
2019-12-23 15:17:40 [DEBUG] Setting default session timeout to 1800
2019-12-23 15:17:40 [DEBUG] Registered session listener io.undertow.servlet.core.SessionListenerBridge@105fece7
2019-12-23 15:17:40 [DEBUG] starting undertow server io.undertow.Undertow@47d90b9e
2019-12-23 15:17:40 [INFO ] XNIO version 3.3.8.Final
2019-12-23 15:17:40 [INFO ] XNIO NIO Implementation Version 3.3.8.Final
2019-12-23 15:17:41 [DEBUG] Started channel thread 'XNIO-1 I/O-1', selector sun.nio.ch.WindowsSelectorImpl@fa49159
2019-12-23 15:17:41 [DEBUG] Started channel thread 'XNIO-1 I/O-2', selector sun.nio.ch.WindowsSelectorImpl@78802ad1
2019-12-23 15:17:41 [DEBUG] Started channel thread 'XNIO-1 I/O-3', selector sun.nio.ch.WindowsSelectorImpl@37952a21
2019-12-23 15:17:41 [DEBUG] Started channel thread 'XNIO-1 I/O-4', selector sun.nio.ch.WindowsSelectorImpl@64e55ef0
2019-12-23 15:17:41 [DEBUG] Started channel thread 'XNIO-1 I/O-5', selector sun.nio.ch.WindowsSelectorImpl@5cdc2c80
2019-12-23 15:17:41 [DEBUG] Started channel thread 'XNIO-1 I/O-6', selector sun.nio.ch.WindowsSelectorImpl@485763c4
2019-12-23 15:17:41 [DEBUG] Started channel thread 'XNIO-1 I/O-7', selector sun.nio.ch.WindowsSelectorImpl@8cd3803
2019-12-23 15:17:41 [DEBUG] Started channel thread 'XNIO-1 I/O-8', selector sun.nio.ch.WindowsSelectorImpl@4883a70d
2019-12-23 15:17:41 [DEBUG] Started channel thread 'XNIO-1 Accept', selector sun.nio.ch.WindowsSelectorImpl@57f6da73
2019-12-23 15:17:41 [DEBUG] Configuring listener with protocol HTTP for interface 10.12.0.155 and port 8080
2019-12-23 15:18:48 [DEBUG] Logging Provider: org.jboss.logging.Log4j2LoggerProvider
2019-12-23 15:18:48 [DEBUG] Setting default session timeout to 1800
2019-12-23 15:18:48 [DEBUG] Registered session listener io.undertow.servlet.core.SessionListenerBridge@40e6dfe1
2019-12-23 15:18:48 [DEBUG] starting undertow server io.undertow.Undertow@3c22fc4c
2019-12-23 15:18:48 [INFO ] XNIO version 3.3.8.Final
2019-12-23 15:18:48 [INFO ] XNIO NIO Implementation Version 3.3.8.Final
2019-12-23 15:18:48 [DEBUG] Started channel thread 'XNIO-1 I/O-1', selector sun.nio.ch.WindowsSelectorImpl@9264e8a
2019-12-23 15:18:48 [DEBUG] Started channel thread 'XNIO-1 I/O-2', selector sun.nio.ch.WindowsSelectorImpl@1443de88
2019-12-23 15:18:48 [DEBUG] Started channel thread 'XNIO-1 I/O-3', selector sun.nio.ch.WindowsSelectorImpl@7f45d66b
2019-12-23 15:18:48 [DEBUG] Started channel thread 'XNIO-1 I/O-4', selector sun.nio.ch.WindowsSelectorImpl@69ed0d65
2019-12-23 15:18:48 [DEBUG] Started channel thread 'XNIO-1 I/O-5', selector sun.nio.ch.WindowsSelectorImpl@7d7e5849
2019-12-23 15:18:48 [DEBUG] Started channel thread 'XNIO-1 I/O-6', selector sun.nio.ch.WindowsSelectorImpl@3b489109
2019-12-23 15:18:48 [DEBUG] Started channel thread 'XNIO-1 I/O-7', selector sun.nio.ch.WindowsSelectorImpl@4a55e29f
2019-12-23 15:18:48 [DEBUG] Started channel thread 'XNIO-1 I/O-8', selector sun.nio.ch.WindowsSelectorImpl@2cbef7b2
2019-12-23 15:18:48 [DEBUG] Started channel thread 'XNIO-1 Accept', selector sun.nio.ch.WindowsSelectorImpl@5395d9ca
2019-12-23 15:18:48 [DEBUG] Configuring listener with protocol HTTP for interface 10.12.0.155 and port 8080
2019-12-23 15:19:59 [DEBUG] Logging Provider: org.jboss.logging.Log4j2LoggerProvider
2019-12-23 15:19:59 [DEBUG] Setting default session timeout to 1800
2019-12-23 15:19:59 [DEBUG] Registered session listener io.undertow.servlet.core.SessionListenerBridge@40e6dfe1
2019-12-23 15:19:59 [DEBUG] starting undertow server io.undertow.Undertow@3c22fc4c
2019-12-23 15:19:59 [INFO ] XNIO version 3.3.8.Final
2019-12-23 15:19:59 [INFO ] XNIO NIO Implementation Version 3.3.8.Final
2019-12-23 15:19:59 [DEBUG] Started channel thread 'XNIO-1 I/O-1', selector sun.nio.ch.WindowsSelectorImpl@6e432abf
2019-12-23 15:19:59 [DEBUG] Started channel thread 'XNIO-1 I/O-2', selector sun.nio.ch.WindowsSelectorImpl@485c6ff4
2019-12-23 15:19:59 [DEBUG] Started channel thread 'XNIO-1 I/O-3', selector sun.nio.ch.WindowsSelectorImpl@22d1f62b
2019-12-23 15:19:59 [DEBUG] Started channel thread 'XNIO-1 I/O-4', selector sun.nio.ch.WindowsSelectorImpl@13e18724
2019-12-23 15:19:59 [DEBUG] Started channel thread 'XNIO-1 I/O-5', selector sun.nio.ch.WindowsSelectorImpl@585479cc
2019-12-23 15:19:59 [DEBUG] Started channel thread 'XNIO-1 I/O-6', selector sun.nio.ch.WindowsSelectorImpl@1f4cfbe
2019-12-23 15:19:59 [DEBUG] Started channel thread 'XNIO-1 I/O-7', selector sun.nio.ch.WindowsSelectorImpl@1cb56f0f
2019-12-23 15:19:59 [DEBUG] Started channel thread 'XNIO-1 I/O-8', selector sun.nio.ch.WindowsSelectorImpl@2e79f975
2019-12-23 15:19:59 [DEBUG] Started channel thread 'XNIO-1 Accept', selector sun.nio.ch.WindowsSelectorImpl@3fa855e0
2019-12-23 15:19:59 [DEBUG] Configuring listener with protocol HTTP for interface 10.12.0.155 and port 8080
2019-12-23 15:20:24 [INFO ] /ice_node_invoke_receive - class com.erp.servlet.imp.NodeServerReceiveServlet
2019-12-23 15:20:24 [DEBUG] Logging Provider: org.jboss.logging.Log4j2LoggerProvider
2019-12-23 15:20:24 [DEBUG] Setting default session timeout to 1800
2019-12-23 15:20:24 [DEBUG] Registered session listener io.undertow.servlet.core.SessionListenerBridge@23282c25
2019-12-23 15:20:24 [DEBUG] starting undertow server io.undertow.Undertow@7880cdf3
2019-12-23 15:20:24 [INFO ] XNIO version 3.3.8.Final
2019-12-23 15:20:24 [INFO ] XNIO NIO Implementation Version 3.3.8.Final
2019-12-23 15:20:25 [DEBUG] Started channel thread 'XNIO-1 I/O-1', selector sun.nio.ch.WindowsSelectorImpl@47b7e7a
2019-12-23 15:20:25 [DEBUG] Started channel thread 'XNIO-1 I/O-2', selector sun.nio.ch.WindowsSelectorImpl@64abf646
2019-12-23 15:20:25 [DEBUG] Started channel thread 'XNIO-1 I/O-3', selector sun.nio.ch.WindowsSelectorImpl@387edc9
2019-12-23 15:20:25 [DEBUG] Started channel thread 'XNIO-1 I/O-4', selector sun.nio.ch.WindowsSelectorImpl@5f938b6f
2019-12-23 15:20:25 [DEBUG] Started channel thread 'XNIO-1 I/O-5', selector sun.nio.ch.WindowsSelectorImpl@f3187de
2019-12-23 15:20:25 [DEBUG] Started channel thread 'XNIO-1 I/O-6', selector sun.nio.ch.WindowsSelectorImpl@4e4fa028
2019-12-23 15:20:25 [DEBUG] Started channel thread 'XNIO-1 I/O-7', selector sun.nio.ch.WindowsSelectorImpl@7de14817
2019-12-23 15:20:25 [DEBUG] Started channel thread 'XNIO-1 I/O-8', selector sun.nio.ch.WindowsSelectorImpl@35a77550
2019-12-23 15:20:25 [DEBUG] Started channel thread 'XNIO-1 Accept', selector sun.nio.ch.WindowsSelectorImpl@65d145f7
2019-12-23 15:20:25 [DEBUG] Configuring listener with protocol HTTP for interface 10.12.0.155 and port 8080
2019-12-23 15:20:30 [DEBUG] Matched default handler path /ice_node_invoke_receive
2019-12-23 15:20:30 [DEBUG] Attempting to authenticate /ice_node_invoke_receive, authentication required: false
2019-12-23 15:20:30 [DEBUG] Authentication outcome was NOT_ATTEMPTED with method io.undertow.security.impl.CachedAuthenticatedSessionMechanism@251306d for /ice_node_invoke_receive
2019-12-23 15:20:30 [DEBUG] Authentication result was ATTEMPTED for /ice_node_invoke_receive
2019-12-23 15:20:30 [INFO ] TEST - class com.erp.irequest.imp.TestConnect
2019-12-23 15:20:30 [INFO ] 收到请求: TEST , lalala A@B@C
2019-12-23 15:21:30 [DEBUG] Timing out idle connection from /10.12.0.155:56849
2019-12-23 15:21:30 [DEBUG] Timing out idle connection from /10.12.0.155:56848
2019-12-23 15:36:50 [DEBUG] Matched default handler path /ice_node_invoke_receive
2019-12-23 15:36:50 [DEBUG] Attempting to authenticate /ice_node_invoke_receive, authentication required: false
2019-12-23 15:36:50 [DEBUG] Authentication outcome was NOT_ATTEMPTED with method io.undertow.security.impl.CachedAuthenticatedSessionMechanism@251306d for /ice_node_invoke_receive
2019-12-23 15:36:50 [DEBUG] Authentication result was ATTEMPTED for /ice_node_invoke_receive
2019-12-23 15:36:50 [INFO ] 收到请求: TEST , 哈哈哈哈 globalServer@MiddleWareModuleI@connectTest
2019-12-23 15:36:55 [INFO ] 服务	globalServer@MiddleWareModuleI@connectTest
	参数	{"code":200,"message":"异步调用,通讯正常"}	
返回信息	{"code":0,"message":"请求执行错误","error":"java.lang.ClassNotFoundException: drug.erp.api.MiddleWareModuleI\n\tat java.net.URLClassLoader.findClass(URLClassLoader.java:382)\n\tat java.lang.ClassLoader.loadClass(ClassLoader.java:424)\n\tat sun.misc.Launcher$AppClassLoader.loadClass(Launcher.java:349)\n\tat java.lang.ClassLoader.loadClass(ClassLoader.java:357)\n\tat java.lang.Class.forName0(Native Method)\n\tat java.lang.Class.forName(Class.java:264)\n\tat framework.server.IceSessionContext.initialize(IceSessionContext.java:132)\n\tat framework.server.IceSessionContext.\u003cinit\u003e(IceSessionContext.java:98)\n\tat framework.server.IceSessionContext.\u003cinit\u003e(IceSessionContext.java:103)\n\tat framework.server.ApiServerImps.accessService(ApiServerImps.java:104)\n\tat com.onek.server.inf._InterfacesDisp.___accessService(_InterfacesDisp.java:107)\n\tat com.onek.server.inf._InterfacesDisp.__dispatch(_InterfacesDisp.java:163)\n\tat IceInternal.Incoming.invoke(Incoming.java:221)\n\tat Ice.ConnectionI.invokeAll(ConnectionI.java:2536)\n\tat Ice.ConnectionI.dispatch(ConnectionI.java:1145)\n\tat Ice.ConnectionI.message(ConnectionI.java:1056)\n\tat IceInternal.ThreadPool.run(ThreadPool.java:395)\n\tat IceInternal.ThreadPool.access$300(ThreadPool.java:12)\n\tat IceInternal.ThreadPool$EventHandlerThread.run(ThreadPool.java:832)\n\tat java.lang.Thread.run(Thread.java:748)\n"}
2019-12-23 15:37:50 [DEBUG] Timing out idle connection from /10.12.0.155:57252
2019-12-23 15:37:50 [DEBUG] Timing out idle connection from /10.12.0.155:57253
2019-12-23 15:44:57 [DEBUG] Matched default handler path /ice_node_invoke_receive
2019-12-23 15:44:57 [DEBUG] Attempting to authenticate /ice_node_invoke_receive, authentication required: false
2019-12-23 15:44:57 [DEBUG] Authentication outcome was NOT_ATTEMPTED with method io.undertow.security.impl.CachedAuthenticatedSessionMechanism@251306d for /ice_node_invoke_receive
2019-12-23 15:44:57 [DEBUG] Authentication result was ATTEMPTED for /ice_node_invoke_receive
2019-12-23 15:44:57 [INFO ] 收到请求: TEST , 哈哈哈哈 globalServer@MiddleWareModuleI@connectTest
2019-12-23 15:45:03 [INFO ] 服务	globalServer@MiddleWareModuleI@connectTest
	参数	{"code":200,"message":"异步调用,通讯正常"}	
返回信息	{"code":200,"message":"连接正常"}
2019-12-23 15:45:57 [DEBUG] Timing out idle connection from /10.12.0.155:57414
2019-12-23 15:50:11 [INFO ] 
请求节点服务	globalServer@MiddleWareModuleI@connectTest
	参数	"{\u0027a\u0027 : 1 }"	
返回信息	{"code":200,"message":"连接正常"}
2019-12-23 15:50:58 [INFO ] 
请求节点服务	globalServer@MiddleWareModuleI@connectTest
	参数	"{\"a\" : 1 }"	
返回信息	{"code":200,"message":"连接正常"}
